<?xml version="1.0" encoding="UTF-8"?>
<testsuite xmlns:xsi="http://www.w3.org/2001/XMLSchema-instance" xsi:noNamespaceSchemaLocation="https://maven.apache.org/surefire/maven-surefire-plugin/xsd/surefire-test-report-3.0.xsd" version="3.0" name="com.hdnguyen.LearnEnglishApplicationTests" time="11.907" tests="1" errors="0" skipped="0" failures="0">
  <properties>
[...]
</properties>
  <testcase name="contextLoads" classname="com.hdnguyen.LearnEnglishApplicationTests" time="0.442">
    <system-out><![CDATA[10:59:05.523 [main] INFO org.springframework.test.context.support.AnnotationConfigContextLoaderUtils -- Could not detect default configuration classes for test class [com.hdnguyen.LearnEnglishApplicationTests]: LearnEnglishApplicationTests does not declare any static, non-private, non-final, nested classes annotated with @Configuration.
10:59:05.668 [main] INFO org.springframework.boot.test.context.SpringBootTestContextBootstrapper -- Found @SpringBootConfiguration com.hdnguyen.Application for test class com.hdnguyen.LearnEnglishApplicationTests
  .   ____          _            __ _ _
 /\\ / ___'_ __ _ _(_)_ __  __ _ \ \ \ \
( ( )\___ | '_ | '_| | '_ \/ _` | \ \ \ \
 \\/  ___)| |_)| | | | | || (_| |  ) ) ) )
  '  |____| .__|_| |_|_| |_\__, | / / / /
 =========|_|==============|___/=/_/_/_/

 :: Spring Boot ::            (v3.3.0-RC1)

2024-07-31T10:59:06.253+07:00  INFO 21464 --- [           main] c.hdnguyen.LearnEnglishApplicationTests  : Starting LearnEnglishApplicationTests using Java 17.0.10 with PID 21464 (started by hdngu in D:\online learning\online learning (Spring))
2024-07-31T10:59:06.255+07:00  INFO 21464 --- [           main] c.hdnguyen.LearnEnglishApplicationTests  : No active profile set, falling back to 1 default profile: "default"
2024-07-31T10:59:07.418+07:00  INFO 21464 --- [           main] .s.d.r.c.RepositoryConfigurationDelegate : Bootstrapping Spring Data JPA repositories in DEFAULT mode.
2024-07-31T10:59:07.655+07:00  INFO 21464 --- [           main] .s.d.r.c.RepositoryConfigurationDelegate : Finished Spring Data repository scanning in 215 ms. Found 12 JPA repository interfaces.
2024-07-31T10:59:08.681+07:00  INFO 21464 --- [           main] o.hibernate.jpa.internal.util.LogHelper  : HHH000204: Processing PersistenceUnitInfo [name: default]
2024-07-31T10:59:08.938+07:00  INFO 21464 --- [           main] org.hibernate.Version                    : HHH000412: Hibernate ORM core version 6.5.0.CR2
2024-07-31T10:59:09.058+07:00  INFO 21464 --- [           main] o.h.c.internal.RegionFactoryInitiator    : HHH000026: Second-level cache disabled
2024-07-31T10:59:09.577+07:00  INFO 21464 --- [           main] o.s.o.j.p.SpringPersistenceUnitInfo      : No LoadTimeWeaver setup: ignoring JPA class transformer
2024-07-31T10:59:09.605+07:00  INFO 21464 --- [           main] com.zaxxer.hikari.HikariDataSource       : HikariPool-1 - Starting...
2024-07-31T10:59:09.970+07:00  INFO 21464 --- [           main] com.zaxxer.hikari.pool.HikariPool        : HikariPool-1 - Added connection com.mysql.cj.jdbc.ConnectionImpl@c6c84fa
2024-07-31T10:59:09.972+07:00  INFO 21464 --- [           main] com.zaxxer.hikari.HikariDataSource       : HikariPool-1 - Start completed.
2024-07-31T10:59:10.025+07:00  WARN 21464 --- [           main] org.hibernate.dialect.Dialect            : HHH000511: The 5.7.44 version for [org.hibernate.dialect.MySQLDialect] is no longer supported, hence certain features may not work properly. The minimum supported version is 8.0.0. Check the community dialects project for available legacy versions.
2024-07-31T10:59:10.030+07:00  WARN 21464 --- [           main] org.hibernate.orm.deprecation            : HHH90000025: MySQLDialect does not need to be specified explicitly using 'hibernate.dialect' (remove the property setting and it will be selected by default)
2024-07-31T10:59:11.375+07:00  INFO 21464 --- [           main] o.h.e.t.j.p.i.JtaPlatformInitiator       : HHH000489: No JTA platform available (set 'hibernate.transaction.jta.platform' to enable JTA platform integration)
2024-07-31T10:59:11.560+07:00  INFO 21464 --- [           main] j.LocalContainerEntityManagerFactoryBean : Initialized JPA EntityManagerFactory for persistence unit 'default'
2024-07-31T10:59:12.480+07:00  INFO 21464 --- [           main] o.s.d.j.r.query.QueryEnhancerFactory     : Hibernate is in classpath; If applicable, HQL parser will be used.
2024-07-31T10:59:14.772+07:00  WARN 21464 --- [           main] JpaBaseConfiguration$JpaWebConfiguration : spring.jpa.open-in-view is enabled by default. Therefore, database queries may be performed during view rendering. Explicitly configure spring.jpa.open-in-view to disable this warning
2024-07-31T10:59:15.922+07:00  INFO 21464 --- [           main] o.s.s.web.DefaultSecurityFilterChain     : Will secure any request with [org.springframework.security.web.session.DisableEncodeUrlFilter@165e3835, org.springframework.security.web.context.request.async.WebAsyncManagerIntegrationFilter@28f74096, org.springframework.security.web.context.SecurityContextHolderFilter@31dbe419, org.springframework.security.web.header.HeaderWriterFilter@282c2bbd, org.springframework.web.filter.CorsFilter@7b84d8ef, org.springframework.security.web.authentication.logout.LogoutFilter@6086ba82, com.hdnguyen.security.JwtFilter@4e08c557, org.springframework.security.web.savedrequest.RequestCacheAwareFilter@4a094674, org.springframework.security.web.servletapi.SecurityContextHolderAwareRequestFilter@4f5f4f7a, org.springframework.security.web.authentication.AnonymousAuthenticationFilter@66896ed0, org.springframework.security.web.session.SessionManagementFilter@7c5024c1, org.springframework.security.web.access.ExceptionTranslationFilter@c7ba58d, org.springframework.security.web.access.intercept.AuthorizationFilter@40bfd515]
2024-07-31T10:59:16.624+07:00  INFO 21464 --- [           main] c.hdnguyen.LearnEnglishApplicationTests  : Started LearnEnglishApplicationTests in 10.735 seconds (process running for 11.949)
]]></system-out>
  </testcase>
</testsuite>